
=== Fri Mar 27 19:36:05 2026

Packages were changed.
Update Mode: resetToDefaultDependencies

The following packages were added:
  com.unity.modules.adaptiveperformance@1.0.0
  com.unity.modules.ai@1.0.0
  com.unity.modules.androidjni@1.0.0
  com.unity.modules.animation@1.0.0
  com.unity.modules.assetbundle@1.0.0
  com.unity.modules.audio@1.0.0
  com.unity.modules.cloth@1.0.0
  com.unity.modules.director@1.0.0
  com.unity.modules.imageconversion@1.0.0
  com.unity.modules.imgui@1.0.0
  com.unity.modules.jsonserialize@1.0.0
  com.unity.modules.particlesystem@1.0.0
  com.unity.modules.physics@1.0.0
  com.unity.modules.physics2d@1.0.0
  com.unity.modules.screencapture@1.0.0
  com.unity.modules.terrain@1.0.0
  com.unity.modules.terrainphysics@1.0.0
  com.unity.modules.tilemap@1.0.0
  com.unity.modules.ui@1.0.0
  com.unity.modules.uielements@1.0.0
  com.unity.modules.umbra@1.0.0
  com.unity.modules.unityanalytics@1.0.0
  com.unity.modules.unitywebrequest@1.0.0
  com.unity.modules.unitywebrequestassetbundle@1.0.0
  com.unity.modules.unitywebrequestaudio@1.0.0
  com.unity.modules.unitywebrequesttexture@1.0.0
  com.unity.modules.unitywebrequestwww@1.0.0
  com.unity.modules.vectorgraphics@1.0.0
  com.unity.modules.vehicles@1.0.0
  com.unity.modules.video@1.0.0
  com.unity.modules.vr@1.0.0
  com.unity.modules.wind@1.0.0
  com.unity.modules.xr@1.0.0
  com.unity.modules.accessibility@1.0.0
  com.unity.multiplayer.center@1.0.1

=== Fri Mar 27 19:36:43 2026

Packages were changed.
Update Mode: updateDependencies

The following packages were added:
  com.unity.ads@4.16.4
  com.unity.analytics@3.8.2
  com.unity.ide.rider@3.0.39
  com.unity.modules.adaptiveperformance@1.0.0
  com.unity.modules.cloth@1.0.0
  com.unity.modules.physics@1.0.0
  com.unity.modules.terrain@1.0.0
  com.unity.modules.terrainphysics@1.0.0
  com.unity.modules.vectorgraphics@1.0.0
  com.unity.modules.vehicles@1.0.0
  com.unity.modules.video@1.0.0
  com.unity.modules.vr@1.0.0
  com.unity.modules.wind@1.0.0
  com.unity.modules.xr@1.0.0
  com.unity.purchasing@4.14.2
  com.unity.test-framework@1.6.0
  com.unity.xr.legacyinputhelpers@2.1.13
  com.unity.multiplayer.center@1.0.1
The following packages were updated:
  com.unity.2d.animation from version 10.1.4 to 13.0.4
  com.unity.2d.common from version 9.0.7 to 12.0.2
  com.unity.2d.psdimporter from version 9.0.3 to 12.0.1
  com.unity.2d.spriteshape from version 10.0.6 to 13.0.0
  com.unity.2d.tilemap.extras from version 4.0.2 to 6.0.1
  com.unity.ai.navigation from version 2.0.4 to 2.0.10
  com.unity.bindings.openimageio from version 1.0.0 to 1.0.2
  com.unity.burst from version 1.8.18 to 1.8.28
  com.unity.collab-proxy from version 2.5.2 to 2.11.3
  com.unity.collections from version 2.5.1 to 2.6.2
  com.unity.device-simulator.devices from version 1.0.0 to 1.0.1
  com.unity.feature.2d from version 2.0.1 to 2.0.2
  com.unity.ide.visualstudio from version 2.0.22 to 2.0.26
  com.unity.localization from version 1.5.3 to 1.5.8
  com.unity.mathematics from version 1.3.2 to 1.3.3
  com.unity.nuget.mono-cecil from version 1.11.4 to 1.11.6
  com.unity.recorder from version 5.1.1 to 5.1.5
  com.unity.render-pipelines.core from version 17.0.3 to 17.3.0
  com.unity.render-pipelines.universal from version 17.0.3 to 17.3.0
  com.unity.searcher from version 4.9.2 to 4.9.4
  com.unity.shadergraph from version 17.0.3 to 17.3.0
  com.unity.timeline from version 1.8.7 to 1.8.10
The following packages were removed:
  com.unity.rendering.light-transport@1.0.1

=== Fri Mar 27 19:36:43 2026

Packages were changed.
Update Mode: mergeDefaultDependencies

The following packages were added:
  com.unity.2d.animation@13.0.4
  com.unity.2d.common@12.0.2
  com.unity.2d.psdimporter@12.0.1
  com.unity.2d.sprite@1.0.0
  com.unity.2d.spriteshape@13.0.0
  com.unity.2d.tilemap@1.0.0
  com.unity.2d.tilemap.extras@6.0.1
  com.unity.ads@4.16.4
  com.unity.ai.navigation@2.0.10
  com.unity.analytics@3.8.2
  com.unity.bindings.openimageio@1.0.2
  com.unity.burst@1.8.28
  com.unity.collab-proxy@2.11.3
  com.unity.collections@2.6.2
  com.unity.device-simulator.devices@1.0.1
  com.unity.ext.nunit@2.0.5
  com.unity.feature.2d@2.0.2
  com.unity.ide.rider@3.0.39
  com.unity.ide.visualstudio@2.0.26
  com.unity.localization@1.5.8
  com.unity.mathematics@1.3.3
  com.unity.nuget.mono-cecil@1.11.6
  com.unity.purchasing@4.14.2
  com.unity.recorder@5.1.5
  com.unity.render-pipelines.core@17.3.0
  com.unity.render-pipelines.universal@17.3.0
  com.unity.render-pipelines.universal-config@17.0.3
  com.unity.searcher@4.9.4
  com.unity.shadergraph@17.3.0
  com.unity.test-framework@1.6.0
  com.unity.timeline@1.8.10
  com.unity.ugui@2.0.0
  com.unity.xr.legacyinputhelpers@2.1.13
  com.unity.modules.hierarchycore@1.0.0
  com.unity.modules.subsystems@1.0.0
